Using pre-set license
Built from '2020.3/staging' branch; Version is '2020.3.11f1 (99c7afb366b3) revision 10078127'; Using compiler version '192528614'; Build Type 'Release'
OS: 'Windows 10 Home; OS build 19042.1052; Version 2009; 64bit' Language: 'en' Physical Memory: 16178 MB
BatchMode: 1, IsHumanControllingUs: 0, StartBugReporterOnCrash: 0, Is64bit: 1, IsPro: 0

 COMMAND LINE ARGUMENTS:
D:\Program Files\Unity\Hub\Editor\2020.3.11f1\Editor\Unity.exe
-adb2
-batchMode
-noUpm
-name
AssetImportWorker0
-projectPath
D:/Game Projects/Space Infinite Runner/Space Infinite Runner/Space-Infinite-Runner
-logFile
Logs/AssetImportWorker0.log
-srvPort
51991
Successfully changed project path to: D:/Game Projects/Space Infinite Runner/Space Infinite Runner/Space-Infinite-Runner
D:/Game Projects/Space Infinite Runner/Space Infinite Runner/Space-Infinite-Runner
Using Asset Import Pipeline V2.
Refreshing native plugins compatible for Editor in 64.33 ms, found 2 plugins.
Preloading 0 native plugins for Editor in 0.00 ms.
Initialize engine version: 2020.3.11f1 (99c7afb366b3)
[Subsystems] Discovering subsystems at path D:/Program Files/Unity/Hub/Editor/2020.3.11f1/Editor/Data/Resources/UnitySubsystems
[Subsystems] Discovering subsystems at path D:/Game Projects/Space Infinite Runner/Space Infinite Runner/Space-Infinite-Runner/Assets
GfxDevice: creating device client; threaded=0
Direct3D:
    Version:  Direct3D 11.0 [level 11.1]
    Renderer: NVIDIA GeForce GTX 1060 with Max-Q Design (ID=0x1c20)
    Vendor:   
    VRAM:     6052 MB
    Driver:   27.21.14.5771
Shader 'Universal Render Pipeline/Particles/Lit': fallback shader 'Universal Render Pipeline/Particles/SimpleLit' not found
Initialize mono
Mono path[0] = 'D:/Program Files/Unity/Hub/Editor/2020.3.11f1/Editor/Data/Managed'
Mono path[1] = 'D:/Program Files/Unity/Hub/Editor/2020.3.11f1/Editor/Data/MonoBleedingEdge/lib/mono/unityjit'
Mono config path = 'D:/Program Files/Unity/Hub/Editor/2020.3.11f1/Editor/Data/MonoBleedingEdge/etc'
Using monoOptions --debugger-agent=transport=dt_socket,embedding=1,server=y,suspend=n,address=127.0.0.1:56756
Begin MonoManager ReloadAssembly
Registering precompiled unity dll's ...
Register platform support module: D:/Program Files/Unity/Hub/Editor/2020.3.11f1/Editor/Data/PlaybackEngines/WebGLSupport/UnityEditor.WebGL.Extensions.dll
Register platform support module: D:/Program Files/Unity/Hub/Editor/2020.3.11f1/Editor/Data/PlaybackEngines/WindowsStandaloneSupport/UnityEditor.WindowsStandalone.Extensions.dll
Registered in 0.001181 seconds.
Native extension for WindowsStandalone target not found
Native extension for WebGL target not found
Refreshing native plugins compatible for Editor in 62.82 ms, found 2 plugins.
Preloading 0 native plugins for Editor in 0.00 ms.
Mono: successfully reloaded assembly
- Completed reload, in  0.975 seconds
Platform modules already initialized, skipping
Registering precompiled user dll's ...
Registered in 0.003372 seconds.
Begin MonoManager ReloadAssembly
Native extension for WindowsStandalone target not found
Native extension for WebGL target not found
Refreshing native plugins compatible for Editor in 63.46 ms, found 2 plugins.
Preloading 0 native plugins for Editor in 0.00 ms.
Mono: successfully reloaded assembly
- Completed reload, in  1.076 seconds
Platform modules already initialized, skipping
========================================================================
Worker process is ready to serve import requests
Shader 'Universal Render Pipeline/Particles/Lit': fallback shader 'Universal Render Pipeline/Particles/SimpleLit' not found
Launched and connected shader compiler UnityShaderCompiler.exe after 0.04 seconds
Refreshing native plugins compatible for Editor in 0.58 ms, found 2 plugins.
Preloading 0 native plugins for Editor in 0.00 ms.
Unloading 2768 Unused Serialized files (Serialized files now loaded: 0)
System memory in use before: 129.9 MB.
System memory in use after: 130.1 MB.

Unloading 20 unused Assets to reduce memory usage. Loaded Objects now: 3201.
Total: 2.337400 ms (FindLiveObjects: 0.247900 ms CreateObjectMapping: 0.103900 ms MarkObjects: 1.901300 ms  DeleteObjects: 0.083400 ms)

========================================================================
Received Import Request.
  path: Assets/Scenes/SampleScene_Profiles/GameObject Profile.asset
  artifactKey: Guid(5eb6e3c97be1ff14c9a5b68e0a97a620) Importer(815301076,1909f56bfc062723c751e8b465ee728b)
Start importing Assets/Scenes/SampleScene_Profiles/GameObject Profile.asset using Guid(5eb6e3c97be1ff14c9a5b68e0a97a620) Importer(815301076,1909f56bfc062723c751e8b465ee728b)  -> (artifact id: '67cf5f8961200a3668edfca9a59265dd') in 0.037191 seconds
  Import took 0.056546 seconds .

========================================================================
Received Import Request.
  Time since last request: 0.000254 seconds.
  path: Assets/Scenes/SampleScene_Profiles/craft_speederA Profile.asset
  artifactKey: Guid(ce5e68fb63842d84aac27c3f6ca470e8) Importer(815301076,1909f56bfc062723c751e8b465ee728b)
Start importing Assets/Scenes/SampleScene_Profiles/craft_speederA Profile.asset using Guid(ce5e68fb63842d84aac27c3f6ca470e8) Importer(815301076,1909f56bfc062723c751e8b465ee728b)  -> (artifact id: '91bf883df69e80ba58799856dbaa0603') in 0.014109 seconds
  Import took 0.048057 seconds .

========================================================================
Received Import Request.
  Time since last request: 2.870308 seconds.
  path: Assets/Scenes/SampleScene_Profiles/GameObject Profile.asset
  artifactKey: Guid(5eb6e3c97be1ff14c9a5b68e0a97a620) Importer(815301076,1909f56bfc062723c751e8b465ee728b)
Start importing Assets/Scenes/SampleScene_Profiles/GameObject Profile.asset using Guid(5eb6e3c97be1ff14c9a5b68e0a97a620) Importer(815301076,1909f56bfc062723c751e8b465ee728b)  -> (artifact id: '65e13ae8380993f21ebbd8422d4cf298') in 0.002163 seconds
  Import took 0.044387 seconds .

========================================================================
Received Prepare
Registering precompiled user dll's ...
Registered in 0.003171 seconds.
Begin MonoManager ReloadAssembly
Native extension for WindowsStandalone target not found
Native extension for WebGL target not found
Refreshing native plugins compatible for Editor in 0.59 ms, found 2 plugins.
Preloading 0 native plugins for Editor in 0.00 ms.
Mono: successfully reloaded assembly
- Completed reload, in  0.919 seconds
Platform modules already initialized, skipping
Shader 'Universal Render Pipeline/Particles/Lit': fallback shader 'Universal Render Pipeline/Particles/SimpleLit' not found
Refreshing native plugins compatible for Editor in 0.61 ms, found 2 plugins.
Preloading 0 native plugins for Editor in 0.00 ms.
Unloading 2678 Unused Serialized files (Serialized files now loaded: 0)
System memory in use before: 121.6 MB.
System memory in use after: 121.8 MB.

Unloading 15 unused Assets to reduce memory usage. Loaded Objects now: 3204.
Total: 2.525200 ms (FindLiveObjects: 0.243400 ms CreateObjectMapping: 0.098000 ms MarkObjects: 2.124100 ms  DeleteObjects: 0.058500 ms)

========================================================================
Received Prepare
Registering precompiled user dll's ...
Registered in 0.003243 seconds.
Begin MonoManager ReloadAssembly
Native extension for WindowsStandalone target not found
Native extension for WebGL target not found
Refreshing native plugins compatible for Editor in 0.59 ms, found 2 plugins.
Preloading 0 native plugins for Editor in 0.00 ms.
Mono: successfully reloaded assembly
- Completed reload, in  0.912 seconds
Platform modules already initialized, skipping
Shader 'Universal Render Pipeline/Particles/Lit': fallback shader 'Universal Render Pipeline/Particles/SimpleLit' not found
Refreshing native plugins compatible for Editor in 0.67 ms, found 2 plugins.
Preloading 0 native plugins for Editor in 0.00 ms.
Unloading 2678 Unused Serialized files (Serialized files now loaded: 0)
System memory in use before: 121.6 MB.
System memory in use after: 121.8 MB.

Unloading 15 unused Assets to reduce memory usage. Loaded Objects now: 3207.
Total: 2.567600 ms (FindLiveObjects: 0.245500 ms CreateObjectMapping: 0.115600 ms MarkObjects: 2.133800 ms  DeleteObjects: 0.070700 ms)

========================================================================
Received Import Request.
  Time since last request: 102.048960 seconds.
  path: Assets/Scenes/SampleScene_Profiles/GameObject Profile.asset
  artifactKey: Guid(5eb6e3c97be1ff14c9a5b68e0a97a620) Importer(815301076,1909f56bfc062723c751e8b465ee728b)
Start importing Assets/Scenes/SampleScene_Profiles/GameObject Profile.asset using Guid(5eb6e3c97be1ff14c9a5b68e0a97a620) Importer(815301076,1909f56bfc062723c751e8b465ee728b)  -> (artifact id: '6d7bbcd8c281dc01479f7a7eb32732cb') in 0.026814 seconds
  Import took 0.064716 seconds .

========================================================================
Received Import Request.
  Time since last request: 5.876046 seconds.
  path: Assets/Scenes/SampleScene_Profiles/GameObject Profile.asset
  artifactKey: Guid(5eb6e3c97be1ff14c9a5b68e0a97a620) Importer(815301076,1909f56bfc062723c751e8b465ee728b)
Start importing Assets/Scenes/SampleScene_Profiles/GameObject Profile.asset using Guid(5eb6e3c97be1ff14c9a5b68e0a97a620) Importer(815301076,1909f56bfc062723c751e8b465ee728b)  -> (artifact id: '9f66b734b060e37df5eecf063213600f') in 0.003367 seconds
  Import took 0.026306 seconds .

========================================================================
Received Import Request.
  Time since last request: 106.921082 seconds.
  path: Assets/spacekit_2/Side/alien.png
  artifactKey: Guid(a0af62dec3bc26941bb959d77be4e3be) Importer(815301076,1909f56bfc062723c751e8b465ee728b)
Start importing Assets/spacekit_2/Side/alien.png using Guid(a0af62dec3bc26941bb959d77be4e3be) Importer(815301076,1909f56bfc062723c751e8b465ee728b)  -> (artifact id: 'dc455b44ef0c5ff1ba39da81252aaa3d') in 0.740373 seconds
  Import took 0.760910 seconds .

========================================================================
Received Import Request.
  Time since last request: 1.346469 seconds.
  path: Assets/spacekit_2/Side/astronautA.png
  artifactKey: Guid(484d37f970a6a6d4ea3103666d8b5e14) Importer(815301076,1909f56bfc062723c751e8b465ee728b)
Start importing Assets/spacekit_2/Side/astronautA.png using Guid(484d37f970a6a6d4ea3103666d8b5e14) Importer(815301076,1909f56bfc062723c751e8b465ee728b)  -> (artifact id: '325072ae772d1cde51ba1ae6f0d0a008') in 0.089045 seconds
  Import took 0.104136 seconds .

========================================================================
Received Import Request.
  Time since last request: 0.003813 seconds.
  path: Assets/spacekit_2/Side/astronautA.png
  artifactKey: Guid(484d37f970a6a6d4ea3103666d8b5e14) Importer(815301076,1909f56bfc062723c751e8b465ee728b)
Start importing Assets/spacekit_2/Side/astronautA.png using Guid(484d37f970a6a6d4ea3103666d8b5e14) Importer(815301076,1909f56bfc062723c751e8b465ee728b)  -> (artifact id: '325072ae772d1cde51ba1ae6f0d0a008') in 0.005152 seconds
  Import took 0.009374 seconds .

========================================================================
Received Import Request.
  Time since last request: 0.334610 seconds.
  path: Assets/spacekit_2/Side/astronautB.png
  artifactKey: Guid(56fbf683aed359a4e800d02dc006ff84) Importer(815301076,1909f56bfc062723c751e8b465ee728b)
Start importing Assets/spacekit_2/Side/astronautB.png using Guid(56fbf683aed359a4e800d02dc006ff84) Importer(815301076,1909f56bfc062723c751e8b465ee728b)  -> (artifact id: 'f57c1e4f960416202c032dca2f516506') in 0.131747 seconds
  Import took 0.328865 seconds .

========================================================================
Received Import Request.
  Time since last request: 0.000256 seconds.
  path: Assets/spacekit_2/Side/barrel.png
  artifactKey: Guid(060a0a93328c5fd4d9d4441a2ab0f96e) Importer(815301076,1909f56bfc062723c751e8b465ee728b)
Start importing Assets/spacekit_2/Side/barrel.png using Guid(060a0a93328c5fd4d9d4441a2ab0f96e) Importer(815301076,1909f56bfc062723c751e8b465ee728b)  -> (artifact id: 'a586eed8d641d8aa3f90cda07a3ada24') in 0.066353 seconds
  Import took 0.197871 seconds .

========================================================================
Received Import Request.
  Time since last request: 0.000330 seconds.
  path: Assets/spacekit_2/Side/barrels.png
  artifactKey: Guid(85e6f88097f3be64bb05e4a1bcc400f9) Importer(815301076,1909f56bfc062723c751e8b465ee728b)
Start importing Assets/spacekit_2/Side/barrels.png using Guid(85e6f88097f3be64bb05e4a1bcc400f9) Importer(815301076,1909f56bfc062723c751e8b465ee728b)  -> (artifact id: '2be45393ac181fe317553cb1f98a400e') in 0.065909 seconds
  Import took 0.142182 seconds .

========================================================================
Received Import Request.
  Time since last request: 0.000272 seconds.
  path: Assets/spacekit_2/Side/barrels_rail.png
  artifactKey: Guid(d40d5007a1b18484782a0be1c2ee0094) Importer(815301076,1909f56bfc062723c751e8b465ee728b)
Start importing Assets/spacekit_2/Side/barrels_rail.png using Guid(d40d5007a1b18484782a0be1c2ee0094) Importer(815301076,1909f56bfc062723c751e8b465ee728b)  -> (artifact id: '11d4e23f26866cfeb009309db80c4f05') in 0.055439 seconds
  Import took 0.123974 seconds .

========================================================================
Received Import Request.
  Time since last request: 0.000308 seconds.
  path: Assets/spacekit_2/Side/barrels.png
  artifactKey: Guid(85e6f88097f3be64bb05e4a1bcc400f9) Importer(815301076,1909f56bfc062723c751e8b465ee728b)
Start importing Assets/spacekit_2/Side/barrels.png using Guid(85e6f88097f3be64bb05e4a1bcc400f9) Importer(815301076,1909f56bfc062723c751e8b465ee728b)  -> (artifact id: '2be45393ac181fe317553cb1f98a400e') in 0.004281 seconds
  Import took 0.009419 seconds .

========================================================================
Received Import Request.
  Time since last request: 0.000312 seconds.
  path: Assets/spacekit_2/Side/barrels_rail.png
  artifactKey: Guid(d40d5007a1b18484782a0be1c2ee0094) Importer(815301076,1909f56bfc062723c751e8b465ee728b)
Start importing Assets/spacekit_2/Side/barrels_rail.png using Guid(d40d5007a1b18484782a0be1c2ee0094) Importer(815301076,1909f56bfc062723c751e8b465ee728b)  -> (artifact id: '11d4e23f26866cfeb009309db80c4f05') in 0.004307 seconds
  Import took 0.008745 seconds .

========================================================================
Received Prepare
Registering precompiled user dll's ...
Registered in 0.003273 seconds.
Begin MonoManager ReloadAssembly
Native extension for WindowsStandalone target not found
Native extension for WebGL target not found
Refreshing native plugins compatible for Editor in 0.62 ms, found 2 plugins.
Preloading 0 native plugins for Editor in 0.00 ms.
Mono: successfully reloaded assembly
- Completed reload, in  0.920 seconds
Platform modules already initialized, skipping
Shader 'Universal Render Pipeline/Particles/Lit': fallback shader 'Universal Render Pipeline/Particles/SimpleLit' not found
Refreshing native plugins compatible for Editor in 0.61 ms, found 2 plugins.
Preloading 0 native plugins for Editor in 0.00 ms.
Unloading 2678 Unused Serialized files (Serialized files now loaded: 0)
System memory in use before: 121.7 MB.
System memory in use after: 121.9 MB.

Unloading 15 unused Assets to reduce memory usage. Loaded Objects now: 3214.
Total: 2.990700 ms (FindLiveObjects: 0.462700 ms CreateObjectMapping: 0.113200 ms MarkObjects: 2.356300 ms  DeleteObjects: 0.057100 ms)

========================================================================
Received Import Request.
  Time since last request: 25.991589 seconds.
  path: Assets/Scenes/SampleScene_Profiles/GameObject Profile.asset
  artifactKey: Guid(5eb6e3c97be1ff14c9a5b68e0a97a620) Importer(815301076,1909f56bfc062723c751e8b465ee728b)
Start importing Assets/Scenes/SampleScene_Profiles/GameObject Profile.asset using Guid(5eb6e3c97be1ff14c9a5b68e0a97a620) Importer(815301076,1909f56bfc062723c751e8b465ee728b)  -> (artifact id: '80b05e35a415a0123f80e5b62eb6516e') in 0.023767 seconds
  Import took 0.034789 seconds .

========================================================================
Received Prepare
Registering precompiled user dll's ...
Registered in 0.003099 seconds.
Begin MonoManager ReloadAssembly
Native extension for WindowsStandalone target not found
Native extension for WebGL target not found
Refreshing native plugins compatible for Editor in 0.60 ms, found 2 plugins.
Preloading 0 native plugins for Editor in 0.00 ms.
Mono: successfully reloaded assembly
- Completed reload, in  0.908 seconds
Platform modules already initialized, skipping
Shader 'Universal Render Pipeline/Particles/Lit': fallback shader 'Universal Render Pipeline/Particles/SimpleLit' not found
Refreshing native plugins compatible for Editor in 0.61 ms, found 2 plugins.
Preloading 0 native plugins for Editor in 0.00 ms.
Unloading 2678 Unused Serialized files (Serialized files now loaded: 0)
System memory in use before: 121.7 MB.
System memory in use after: 121.9 MB.

Unloading 15 unused Assets to reduce memory usage. Loaded Objects now: 3217.
Total: 2.548200 ms (FindLiveObjects: 0.240600 ms CreateObjectMapping: 0.106600 ms MarkObjects: 2.144800 ms  DeleteObjects: 0.055100 ms)

========================================================================
Received Import Request.
  Time since last request: 19.042114 seconds.
  path: Assets/Scenes/SampleScene_Profiles/GameObject Profile.asset
  artifactKey: Guid(5eb6e3c97be1ff14c9a5b68e0a97a620) Importer(815301076,1909f56bfc062723c751e8b465ee728b)
Start importing Assets/Scenes/SampleScene_Profiles/GameObject Profile.asset using Guid(5eb6e3c97be1ff14c9a5b68e0a97a620) Importer(815301076,1909f56bfc062723c751e8b465ee728b)  -> (artifact id: '0401c1d7848c07b0cf4849a437d9fa3b') in 0.023367 seconds
  Import took 0.136969 seconds .

========================================================================
Received Import Request.
  Time since last request: 3.914265 seconds.
  path: Assets/Scenes/SampleScene_Profiles/GameObject Profile.asset
  artifactKey: Guid(5eb6e3c97be1ff14c9a5b68e0a97a620) Importer(815301076,1909f56bfc062723c751e8b465ee728b)
Start importing Assets/Scenes/SampleScene_Profiles/GameObject Profile.asset using Guid(5eb6e3c97be1ff14c9a5b68e0a97a620) Importer(815301076,1909f56bfc062723c751e8b465ee728b)  -> (artifact id: 'ef754af65890d4dc26297606c05d891e') in 0.003043 seconds
  Import took 0.026666 seconds .

========================================================================
Received Prepare
Registering precompiled user dll's ...
Registered in 0.003060 seconds.
Begin MonoManager ReloadAssembly
Native extension for WindowsStandalone target not found
Native extension for WebGL target not found
Refreshing native plugins compatible for Editor in 0.59 ms, found 2 plugins.
Preloading 0 native plugins for Editor in 0.00 ms.
Mono: successfully reloaded assembly
- Completed reload, in  0.900 seconds
Platform modules already initialized, skipping
Shader 'Universal Render Pipeline/Particles/Lit': fallback shader 'Universal Render Pipeline/Particles/SimpleLit' not found
Refreshing native plugins compatible for Editor in 0.61 ms, found 2 plugins.
Preloading 0 native plugins for Editor in 0.00 ms.
Unloading 2678 Unused Serialized files (Serialized files now loaded: 0)
System memory in use before: 121.7 MB.
System memory in use after: 121.9 MB.

Unloading 15 unused Assets to reduce memory usage. Loaded Objects now: 3220.
Total: 2.549700 ms (FindLiveObjects: 0.243000 ms CreateObjectMapping: 0.102400 ms MarkObjects: 2.148800 ms  DeleteObjects: 0.054600 ms)

========================================================================
Received Import Request.
  Time since last request: 28.032287 seconds.
  path: Assets/Scenes/SampleScene_Profiles/GameObject Profile.asset
  artifactKey: Guid(5eb6e3c97be1ff14c9a5b68e0a97a620) Importer(815301076,1909f56bfc062723c751e8b465ee728b)
Start importing Assets/Scenes/SampleScene_Profiles/GameObject Profile.asset using Guid(5eb6e3c97be1ff14c9a5b68e0a97a620) Importer(815301076,1909f56bfc062723c751e8b465ee728b)  -> (artifact id: '9dc79c9db60c5164f4eab2aeadb31335') in 0.028353 seconds
  Import took 0.056076 seconds .

========================================================================
Received Prepare
Registering precompiled user dll's ...
Registered in 0.003116 seconds.
Begin MonoManager ReloadAssembly
Native extension for WindowsStandalone target not found
Native extension for WebGL target not found
Refreshing native plugins compatible for Editor in 0.59 ms, found 2 plugins.
Preloading 0 native plugins for Editor in 0.00 ms.
Mono: successfully reloaded assembly
- Completed reload, in  0.926 seconds
Platform modules already initialized, skipping
Shader 'Universal Render Pipeline/Particles/Lit': fallback shader 'Universal Render Pipeline/Particles/SimpleLit' not found
Refreshing native plugins compatible for Editor in 0.62 ms, found 2 plugins.
Preloading 0 native plugins for Editor in 0.00 ms.
Unloading 2678 Unused Serialized files (Serialized files now loaded: 0)
System memory in use before: 121.7 MB.
System memory in use after: 121.9 MB.

Unloading 15 unused Assets to reduce memory usage. Loaded Objects now: 3223.
Total: 2.333700 ms (FindLiveObjects: 0.246600 ms CreateObjectMapping: 0.100000 ms MarkObjects: 1.927300 ms  DeleteObjects: 0.059000 ms)

========================================================================
Received Import Request.
  Time since last request: 119.909237 seconds.
  path: Assets/Scenes/SampleScene_Profiles/GameObject Profile.asset
  artifactKey: Guid(5eb6e3c97be1ff14c9a5b68e0a97a620) Importer(815301076,1909f56bfc062723c751e8b465ee728b)
Start importing Assets/Scenes/SampleScene_Profiles/GameObject Profile.asset using Guid(5eb6e3c97be1ff14c9a5b68e0a97a620) Importer(815301076,1909f56bfc062723c751e8b465ee728b)  -> (artifact id: '34936a0e0f9e7612f1b294deb51f1331') in 0.024972 seconds
  Import took 0.045864 seconds .

========================================================================
Received Prepare
Registering precompiled user dll's ...
Registered in 0.003157 seconds.
Begin MonoManager ReloadAssembly
Native extension for WindowsStandalone target not found
Native extension for WebGL target not found
Refreshing native plugins compatible for Editor in 0.59 ms, found 2 plugins.
Preloading 0 native plugins for Editor in 0.00 ms.
Mono: successfully reloaded assembly
- Completed reload, in  0.889 seconds
Platform modules already initialized, skipping
Shader 'Universal Render Pipeline/Particles/Lit': fallback shader 'Universal Render Pipeline/Particles/SimpleLit' not found
Refreshing native plugins compatible for Editor in 0.61 ms, found 2 plugins.
Preloading 0 native plugins for Editor in 0.00 ms.
Unloading 2678 Unused Serialized files (Serialized files now loaded: 0)
System memory in use before: 121.7 MB.
System memory in use after: 121.9 MB.

Unloading 15 unused Assets to reduce memory usage. Loaded Objects now: 3226.
Total: 2.609900 ms (FindLiveObjects: 0.246200 ms CreateObjectMapping: 0.105100 ms MarkObjects: 2.201700 ms  DeleteObjects: 0.055900 ms)

========================================================================
Received Import Request.
  Time since last request: 55.507188 seconds.
  path: Assets/Scenes/SampleScene_Profiles/GameObject Profile.asset
  artifactKey: Guid(5eb6e3c97be1ff14c9a5b68e0a97a620) Importer(815301076,1909f56bfc062723c751e8b465ee728b)
Start importing Assets/Scenes/SampleScene_Profiles/GameObject Profile.asset using Guid(5eb6e3c97be1ff14c9a5b68e0a97a620) Importer(815301076,1909f56bfc062723c751e8b465ee728b)  -> (artifact id: 'f2216b828a5398ebdb5fa3437b26d890') in 0.024180 seconds
  Import took 0.120946 seconds .

========================================================================
Received Import Request.
  Time since last request: 255.484558 seconds.
  path: Assets/Grid.shadergraph
  artifactKey: Guid(d2abd2149f41a9c4cbe49493902bedbc) Importer(815301076,1909f56bfc062723c751e8b465ee728b)
Start importing Assets/Grid.shadergraph using Guid(d2abd2149f41a9c4cbe49493902bedbc) Importer(815301076,1909f56bfc062723c751e8b465ee728b)  -> (artifact id: '4b63fc787e1bfb2c568de6e297985fd4') in 0.009523 seconds
  Import took 0.047971 seconds .

========================================================================
Received Import Request.
  Time since last request: 468.365364 seconds.
  path: Assets/New Shader Graph.shadergraph
  artifactKey: Guid(5889e8c0e4e77c7408efed30dabffcad) Importer(815301076,1909f56bfc062723c751e8b465ee728b)
Start importing Assets/New Shader Graph.shadergraph using Guid(5889e8c0e4e77c7408efed30dabffcad) Importer(815301076,1909f56bfc062723c751e8b465ee728b)  -> (artifact id: 'b0aa7155d5da606a42454ee0c1bcb733') in 0.022640 seconds
  Import took 0.044329 seconds .

========================================================================
Received Import Request.
  Time since last request: 1.985889 seconds.
  path: Assets/New Shader Graph.shadergraph
  artifactKey: Guid(5889e8c0e4e77c7408efed30dabffcad) Importer(815301076,1909f56bfc062723c751e8b465ee728b)
Start importing Assets/New Shader Graph.shadergraph using Guid(5889e8c0e4e77c7408efed30dabffcad) Importer(815301076,1909f56bfc062723c751e8b465ee728b)  -> (artifact id: 'b0aa7155d5da606a42454ee0c1bcb733') in 0.002828 seconds
  Import took 0.010947 seconds .

========================================================================
Received Prepare
Registering precompiled user dll's ...
Registered in 0.003085 seconds.
Begin MonoManager ReloadAssembly
Native extension for WindowsStandalone target not found
Native extension for WebGL target not found
Refreshing native plugins compatible for Editor in 0.59 ms, found 2 plugins.
Preloading 0 native plugins for Editor in 0.00 ms.
Mono: successfully reloaded assembly
- Completed reload, in  0.933 seconds
Platform modules already initialized, skipping
Shader 'Universal Render Pipeline/Particles/Lit': fallback shader 'Universal Render Pipeline/Particles/SimpleLit' not found
Refreshing native plugins compatible for Editor in 0.61 ms, found 2 plugins.
Preloading 0 native plugins for Editor in 0.00 ms.
Unloading 2678 Unused Serialized files (Serialized files now loaded: 0)
System memory in use before: 121.7 MB.
System memory in use after: 121.9 MB.

Unloading 15 unused Assets to reduce memory usage. Loaded Objects now: 3229.
Total: 2.132600 ms (FindLiveObjects: 0.229200 ms CreateObjectMapping: 0.112500 ms MarkObjects: 1.737300 ms  DeleteObjects: 0.052700 ms)

========================================================================
Received Import Request.
  Time since last request: 336.115851 seconds.
  path: Assets/UniversalRenderPipelineAsset.asset
  artifactKey: Guid(4ed159b766aead44ea44e1e9557d8072) Importer(815301076,1909f56bfc062723c751e8b465ee728b)
Start importing Assets/UniversalRenderPipelineAsset.asset using Guid(4ed159b766aead44ea44e1e9557d8072) Importer(815301076,1909f56bfc062723c751e8b465ee728b)  -> (artifact id: '345a7e96809cf7f4a8693f78098907e4') in 2.803601 seconds
  Import took 2.830322 seconds .

========================================================================
Received Import Request.
  Time since last request: 0.000288 seconds.
  path: Assets/UniversalRenderPipelineAsset_Renderer.asset
  artifactKey: Guid(d358d59d66506db4d9b8aa239a0f7b67) Importer(815301076,1909f56bfc062723c751e8b465ee728b)
Start importing Assets/UniversalRenderPipelineAsset_Renderer.asset using Guid(d358d59d66506db4d9b8aa239a0f7b67) Importer(815301076,1909f56bfc062723c751e8b465ee728b)  -> (artifact id: '30ef8f60609a0472cd36be8a108802f7') in 0.027783 seconds
  Import took 0.039288 seconds .

========================================================================
Received Prepare
Registering precompiled user dll's ...
Registered in 0.003040 seconds.
Begin MonoManager ReloadAssembly
Native extension for WindowsStandalone target not found
Native extension for WebGL target not found
Refreshing native plugins compatible for Editor in 0.63 ms, found 2 plugins.
Preloading 0 native plugins for Editor in 0.00 ms.
Mono: successfully reloaded assembly
- Completed reload, in  0.929 seconds
Platform modules already initialized, skipping
Shader 'Universal Render Pipeline/Particles/Lit': fallback shader 'Universal Render Pipeline/Particles/SimpleLit' not found
Refreshing native plugins compatible for Editor in 0.60 ms, found 2 plugins.
Preloading 0 native plugins for Editor in 0.00 ms.
Unloading 2678 Unused Serialized files (Serialized files now loaded: 0)
System memory in use before: 121.7 MB.
System memory in use after: 121.9 MB.

Unloading 15 unused Assets to reduce memory usage. Loaded Objects now: 3232.
Total: 2.436000 ms (FindLiveObjects: 0.255000 ms CreateObjectMapping: 0.095100 ms MarkObjects: 2.028100 ms  DeleteObjects: 0.056900 ms)

========================================================================
Received Prepare
Registering precompiled user dll's ...
Registered in 0.003015 seconds.
Begin MonoManager ReloadAssembly
Native extension for WindowsStandalone target not found
Native extension for WebGL target not found
Refreshing native plugins compatible for Editor in 0.60 ms, found 2 plugins.
Preloading 0 native plugins for Editor in 0.00 ms.
Mono: successfully reloaded assembly
- Completed reload, in  0.915 seconds
Platform modules already initialized, skipping
Shader 'Universal Render Pipeline/Particles/Lit': fallback shader 'Universal Render Pipeline/Particles/SimpleLit' not found
Refreshing native plugins compatible for Editor in 0.60 ms, found 2 plugins.
Preloading 0 native plugins for Editor in 0.00 ms.
Unloading 2678 Unused Serialized files (Serialized files now loaded: 0)
System memory in use before: 121.7 MB.
System memory in use after: 121.9 MB.

Unloading 15 unused Assets to reduce memory usage. Loaded Objects now: 3235.
Total: 2.822500 ms (FindLiveObjects: 0.242100 ms CreateObjectMapping: 0.172200 ms MarkObjects: 2.346200 ms  DeleteObjects: 0.060800 ms)

========================================================================
Received Prepare
Registering precompiled user dll's ...
Registered in 0.003010 seconds.
Begin MonoManager ReloadAssembly
Native extension for WindowsStandalone target not found
Native extension for WebGL target not found
Refreshing native plugins compatible for Editor in 0.58 ms, found 2 plugins.
Preloading 0 native plugins for Editor in 0.00 ms.
Mono: successfully reloaded assembly
- Completed reload, in  0.896 seconds
Platform modules already initialized, skipping
Shader 'Universal Render Pipeline/Particles/Lit': fallback shader 'Universal Render Pipeline/Particles/SimpleLit' not found
Refreshing native plugins compatible for Editor in 0.60 ms, found 2 plugins.
Preloading 0 native plugins for Editor in 0.00 ms.
Unloading 2678 Unused Serialized files (Serialized files now loaded: 0)
System memory in use before: 121.7 MB.
System memory in use after: 121.9 MB.

Unloading 15 unused Assets to reduce memory usage. Loaded Objects now: 3238.
Total: 2.279200 ms (FindLiveObjects: 0.238700 ms CreateObjectMapping: 0.116300 ms MarkObjects: 1.869000 ms  DeleteObjects: 0.054300 ms)

========================================================================
Received Prepare
Registering precompiled user dll's ...
Registered in 0.003914 seconds.
Begin MonoManager ReloadAssembly
Native extension for WindowsStandalone target not found
Native extension for WebGL target not found
Refreshing native plugins compatible for Editor in 0.60 ms, found 2 plugins.
Preloading 0 native plugins for Editor in 0.00 ms.
Mono: successfully reloaded assembly
- Completed reload, in  0.892 seconds
Platform modules already initialized, skipping
Shader 'Universal Render Pipeline/Particles/Lit': fallback shader 'Universal Render Pipeline/Particles/SimpleLit' not found
Refreshing native plugins compatible for Editor in 0.64 ms, found 2 plugins.
Preloading 0 native plugins for Editor in 0.00 ms.
Unloading 2678 Unused Serialized files (Serialized files now loaded: 0)
System memory in use before: 121.8 MB.
System memory in use after: 121.9 MB.

Unloading 15 unused Assets to reduce memory usage. Loaded Objects now: 3241.
Total: 2.405700 ms (FindLiveObjects: 0.248600 ms CreateObjectMapping: 0.097700 ms MarkObjects: 2.004100 ms  DeleteObjects: 0.054500 ms)

========================================================================
Received Import Request.
  Time since last request: 471.869765 seconds.
  path: Assets/ScrollingGrid.mat
  artifactKey: Guid(ae29958a07fad9f49b3dfd7491592bb7) Importer(815301076,1909f56bfc062723c751e8b465ee728b)
Start importing Assets/ScrollingGrid.mat using Guid(ae29958a07fad9f49b3dfd7491592bb7) Importer(815301076,1909f56bfc062723c751e8b465ee728b)  -> (artifact id: 'e20bd691fd055942f0f852e28822fb34') in 0.345472 seconds
  Import took 0.509698 seconds .

========================================================================
Received Prepare
Registering precompiled user dll's ...
Registered in 0.003222 seconds.
Begin MonoManager ReloadAssembly
Native extension for WindowsStandalone target not found
Native extension for WebGL target not found
Refreshing native plugins compatible for Editor in 0.60 ms, found 2 plugins.
Preloading 0 native plugins for Editor in 0.00 ms.
Mono: successfully reloaded assembly
- Completed reload, in  0.906 seconds
Platform modules already initialized, skipping
Shader 'Universal Render Pipeline/Particles/Lit': fallback shader 'Universal Render Pipeline/Particles/SimpleLit' not found
Refreshing native plugins compatible for Editor in 0.60 ms, found 2 plugins.
Preloading 0 native plugins for Editor in 0.00 ms.
Unloading 2678 Unused Serialized files (Serialized files now loaded: 0)
System memory in use before: 124.9 MB.
System memory in use after: 125.1 MB.

Unloading 15 unused Assets to reduce memory usage. Loaded Objects now: 3284.
Total: 2.257100 ms (FindLiveObjects: 0.245100 ms CreateObjectMapping: 0.120900 ms MarkObjects: 1.832600 ms  DeleteObjects: 0.057500 ms)

========================================================================
Received Import Request.
  Time since last request: 408.195391 seconds.
  path: Assets/Square.png
  artifactKey: Guid(ee540a2102d898f4a8b2eb0afcb71625) Importer(815301076,1909f56bfc062723c751e8b465ee728b)
Start importing Assets/Square.png using Guid(ee540a2102d898f4a8b2eb0afcb71625) Importer(815301076,1909f56bfc062723c751e8b465ee728b)  -> (artifact id: '4b190083d526dc7575395a7c0ea85a92') in 0.055151 seconds
  Import took 0.060075 seconds .

========================================================================
Received Import Request.
  Time since last request: 14.176587 seconds.
  path: Assets/Square 1.png
  artifactKey: Guid(c910ac8c4219cb84182d163cbe9695f3) Importer(815301076,1909f56bfc062723c751e8b465ee728b)
Start importing Assets/Square 1.png using Guid(c910ac8c4219cb84182d163cbe9695f3) Importer(815301076,1909f56bfc062723c751e8b465ee728b)  -> (artifact id: 'ba70b8ca4164fb87692d2a9181c288e4') in 0.025141 seconds
  Import took 0.033038 seconds .

========================================================================
Received Import Request.
  Time since last request: 23.570928 seconds.
  path: Assets/Square 1.png
  artifactKey: Guid(c910ac8c4219cb84182d163cbe9695f3) Importer(815301076,1909f56bfc062723c751e8b465ee728b)
Start importing Assets/Square 1.png using Guid(c910ac8c4219cb84182d163cbe9695f3) Importer(815301076,1909f56bfc062723c751e8b465ee728b)  -> (artifact id: '6e0333cb2c685882645b199e2dcc22ab') in 0.014465 seconds
  Import took 0.044283 seconds .

========================================================================
Received Import Request.
  Time since last request: 0.036457 seconds.
  path: Assets/Square 1.png
  artifactKey: Guid(c910ac8c4219cb84182d163cbe9695f3) Importer(815301076,1909f56bfc062723c751e8b465ee728b)
Start importing Assets/Square 1.png using Guid(c910ac8c4219cb84182d163cbe9695f3) Importer(815301076,1909f56bfc062723c751e8b465ee728b)  -> (artifact id: '6e0333cb2c685882645b199e2dcc22ab') in 0.018260 seconds
  Import took 0.022507 seconds .

========================================================================
Received Import Request.
  Time since last request: 76.999579 seconds.
  path: Assets/New Material.mat
  artifactKey: Guid(eb4a4c7955a1871468d5086f77f9563b) Importer(815301076,1909f56bfc062723c751e8b465ee728b)
Start importing Assets/New Material.mat using Guid(eb4a4c7955a1871468d5086f77f9563b) Importer(815301076,1909f56bfc062723c751e8b465ee728b)  -> (artifact id: '61351f18a2510bbd1355559ef58453c2') in 0.035789 seconds
  Import took 0.379545 seconds .

========================================================================
Received Import Request.
  Time since last request: 375.311135 seconds.
  path: Assets/Materials/Square 1.mat
  artifactKey: Guid(c53bbd0e40ed54746a1efef5e7ebf921) Importer(815301076,1909f56bfc062723c751e8b465ee728b)
Start importing Assets/Materials/Square 1.mat using Guid(c53bbd0e40ed54746a1efef5e7ebf921) Importer(815301076,1909f56bfc062723c751e8b465ee728b)  -> (artifact id: '4aaefea144e4f5c9970f9b3f698b19fc') in 0.136157 seconds
  Import took 0.140514 seconds .

========================================================================
Received Import Request.
  Time since last request: 0.000838 seconds.
  path: Assets/Materials/Square 1.mat
  artifactKey: Guid(c53bbd0e40ed54746a1efef5e7ebf921) Importer(815301076,1909f56bfc062723c751e8b465ee728b)
Start importing Assets/Materials/Square 1.mat using Guid(c53bbd0e40ed54746a1efef5e7ebf921) Importer(815301076,1909f56bfc062723c751e8b465ee728b)  -> (artifact id: '4aaefea144e4f5c9970f9b3f698b19fc') in 0.007830 seconds
  Import took 0.012637 seconds .

========================================================================
Received Prepare
Registering precompiled user dll's ...
Registered in 0.003124 seconds.
Begin MonoManager ReloadAssembly
Native extension for WindowsStandalone target not found
Native extension for WebGL target not found
Refreshing native plugins compatible for Editor in 0.60 ms, found 2 plugins.
Preloading 0 native plugins for Editor in 0.00 ms.
Mono: successfully reloaded assembly
- Completed reload, in  0.906 seconds
Platform modules already initialized, skipping
Shader 'Universal Render Pipeline/Particles/Lit': fallback shader 'Universal Render Pipeline/Particles/SimpleLit' not found
Refreshing native plugins compatible for Editor in 0.59 ms, found 2 plugins.
Preloading 0 native plugins for Editor in 0.00 ms.
Unloading 2678 Unused Serialized files (Serialized files now loaded: 0)
System memory in use before: 125.0 MB.
System memory in use after: 125.1 MB.

Unloading 15 unused Assets to reduce memory usage. Loaded Objects now: 3288.
Total: 2.504000 ms (FindLiveObjects: 0.299000 ms CreateObjectMapping: 0.146100 ms MarkObjects: 1.996500 ms  DeleteObjects: 0.061300 ms)

========================================================================
Received Import Request.
  Time since last request: 329.752931 seconds.
  path: Assets/ScrollingGrid.mat
  artifactKey: Guid(ae29958a07fad9f49b3dfd7491592bb7) Importer(815301076,1909f56bfc062723c751e8b465ee728b)
Start importing Assets/ScrollingGrid.mat using Guid(ae29958a07fad9f49b3dfd7491592bb7) Importer(815301076,1909f56bfc062723c751e8b465ee728b)  -> (artifact id: '96a96a4d4e06ed1d8955696c6dbc91cd') in 0.061519 seconds
  Import took 0.079790 seconds .

========================================================================
Received Import Request.
  Time since last request: 1.955080 seconds.
  path: Assets/ScrollingGrid.mat
  artifactKey: Guid(ae29958a07fad9f49b3dfd7491592bb7) Importer(815301076,1909f56bfc062723c751e8b465ee728b)
Start importing Assets/ScrollingGrid.mat using Guid(ae29958a07fad9f49b3dfd7491592bb7) Importer(815301076,1909f56bfc062723c751e8b465ee728b)  -> (artifact id: '96a96a4d4e06ed1d8955696c6dbc91cd') in 0.088055 seconds
  Import took 0.092681 seconds .

========================================================================
Received Import Request.
  Time since last request: 47.796959 seconds.
  path: Assets/Materials/Square 1.mat
  artifactKey: Guid(c53bbd0e40ed54746a1efef5e7ebf921) Importer(815301076,1909f56bfc062723c751e8b465ee728b)
Start importing Assets/Materials/Square 1.mat using Guid(c53bbd0e40ed54746a1efef5e7ebf921) Importer(815301076,1909f56bfc062723c751e8b465ee728b)  -> (artifact id: 'c8410246be18847ade7d899d961d3ed7') in 0.026561 seconds
  Import took 0.067245 seconds .

========================================================================
Received Prepare
Registering precompiled user dll's ...
Registered in 0.003237 seconds.
Begin MonoManager ReloadAssembly
Native extension for WindowsStandalone target not found
Native extension for WebGL target not found
Refreshing native plugins compatible for Editor in 0.59 ms, found 2 plugins.
Preloading 0 native plugins for Editor in 0.00 ms.
Mono: successfully reloaded assembly
- Completed reload, in  0.896 seconds
Platform modules already initialized, skipping
Shader 'Universal Render Pipeline/Particles/Lit': fallback shader 'Universal Render Pipeline/Particles/SimpleLit' not found
Refreshing native plugins compatible for Editor in 0.61 ms, found 2 plugins.
Preloading 0 native plugins for Editor in 0.00 ms.
Unloading 2678 Unused Serialized files (Serialized files now loaded: 0)
System memory in use before: 125.0 MB.
System memory in use after: 125.2 MB.

Unloading 15 unused Assets to reduce memory usage. Loaded Objects now: 3292.
Total: 2.390200 ms (FindLiveObjects: 0.253100 ms CreateObjectMapping: 0.094000 ms MarkObjects: 1.985200 ms  DeleteObjects: 0.057100 ms)

========================================================================
Received Import Request.
  Time since last request: 55.141344 seconds.
  path: Assets/Materials/Square 1.mat
  artifactKey: Guid(c53bbd0e40ed54746a1efef5e7ebf921) Importer(815301076,1909f56bfc062723c751e8b465ee728b)
Start importing Assets/Materials/Square 1.mat using Guid(c53bbd0e40ed54746a1efef5e7ebf921) Importer(815301076,1909f56bfc062723c751e8b465ee728b)  -> (artifact id: '86f24a1bb421056825c20bcb3170a7cd') in 0.057010 seconds
  Import took 0.076216 seconds .

========================================================================
Received Prepare
Registering precompiled user dll's ...
Registered in 0.003491 seconds.
Begin MonoManager ReloadAssembly
Native extension for WindowsStandalone target not found
Native extension for WebGL target not found
Refreshing native plugins compatible for Editor in 0.62 ms, found 2 plugins.
Preloading 0 native plugins for Editor in 0.00 ms.
Mono: successfully reloaded assembly
- Completed reload, in  1.034 seconds
Platform modules already initialized, skipping
Shader 'Universal Render Pipeline/Particles/Lit': fallback shader 'Universal Render Pipeline/Particles/SimpleLit' not found
Refreshing native plugins compatible for Editor in 0.63 ms, found 2 plugins.
Preloading 0 native plugins for Editor in 0.00 ms.
Unloading 2678 Unused Serialized files (Serialized files now loaded: 0)
System memory in use before: 125.0 MB.
System memory in use after: 125.2 MB.

Unloading 15 unused Assets to reduce memory usage. Loaded Objects now: 3296.
Total: 2.569200 ms (FindLiveObjects: 0.303400 ms CreateObjectMapping: 0.136600 ms MarkObjects: 2.033800 ms  DeleteObjects: 0.094100 ms)

========================================================================
Received Prepare
Registering precompiled user dll's ...
Registered in 0.003564 seconds.
Begin MonoManager ReloadAssembly
Native extension for WindowsStandalone target not found
Native extension for WebGL target not found
Refreshing native plugins compatible for Editor in 0.65 ms, found 2 plugins.
Preloading 0 native plugins for Editor in 0.00 ms.
Mono: successfully reloaded assembly
- Completed reload, in  1.007 seconds
Platform modules already initialized, skipping
Shader 'Universal Render Pipeline/Particles/Lit': fallback shader 'Universal Render Pipeline/Particles/SimpleLit' not found
Refreshing native plugins compatible for Editor in 0.60 ms, found 2 plugins.
Preloading 0 native plugins for Editor in 0.00 ms.
Unloading 2678 Unused Serialized files (Serialized files now loaded: 0)
System memory in use before: 125.0 MB.
System memory in use after: 125.2 MB.

Unloading 15 unused Assets to reduce memory usage. Loaded Objects now: 3299.
Total: 2.894500 ms (FindLiveObjects: 0.358300 ms CreateObjectMapping: 0.230800 ms MarkObjects: 2.230200 ms  DeleteObjects: 0.074200 ms)

========================================================================
Received Import Request.
  Time since last request: 2981.053773 seconds.
  path: Assets/Scenes/SampleScene_Profiles/GameObject Profile.asset
  artifactKey: Guid(5eb6e3c97be1ff14c9a5b68e0a97a620) Importer(815301076,1909f56bfc062723c751e8b465ee728b)
Start importing Assets/Scenes/SampleScene_Profiles/GameObject Profile.asset using Guid(5eb6e3c97be1ff14c9a5b68e0a97a620) Importer(815301076,1909f56bfc062723c751e8b465ee728b)  -> (artifact id: 'af864f69b43e2993fa30859d1ecf33bf') in 0.044707 seconds
  Import took 0.142344 seconds .

========================================================================
Received Import Request.
  Time since last request: 0.001842 seconds.
  path: Assets/Scenes/SampleScene_Profiles/GameObject Profile.asset
  artifactKey: Guid(5eb6e3c97be1ff14c9a5b68e0a97a620) Importer(815301076,1909f56bfc062723c751e8b465ee728b)
Start importing Assets/Scenes/SampleScene_Profiles/GameObject Profile.asset using Guid(5eb6e3c97be1ff14c9a5b68e0a97a620) Importer(815301076,1909f56bfc062723c751e8b465ee728b)  -> (artifact id: 'af864f69b43e2993fa30859d1ecf33bf') in 0.002450 seconds
  Import took 0.007350 seconds .

========================================================================
Received Prepare
Registering precompiled user dll's ...
Registered in 0.003203 seconds.
Begin MonoManager ReloadAssembly
Native extension for WindowsStandalone target not found
Native extension for WebGL target not found
Refreshing native plugins compatible for Editor in 0.62 ms, found 2 plugins.
Preloading 0 native plugins for Editor in 0.00 ms.
Mono: successfully reloaded assembly
- Completed reload, in  1.016 seconds
Platform modules already initialized, skipping
Shader 'Universal Render Pipeline/Particles/Lit': fallback shader 'Universal Render Pipeline/Particles/SimpleLit' not found
Refreshing native plugins compatible for Editor in 0.74 ms, found 2 plugins.
Preloading 0 native plugins for Editor in 0.00 ms.
Unloading 2678 Unused Serialized files (Serialized files now loaded: 0)
System memory in use before: 125.0 MB.
System memory in use after: 125.2 MB.

Unloading 15 unused Assets to reduce memory usage. Loaded Objects now: 3302.
Total: 2.803000 ms (FindLiveObjects: 0.287100 ms CreateObjectMapping: 0.112100 ms MarkObjects: 2.337800 ms  DeleteObjects: 0.064900 ms)

========================================================================
Received Prepare
Registering precompiled user dll's ...
Registered in 0.003291 seconds.
Begin MonoManager ReloadAssembly
Native extension for WindowsStandalone target not found
Native extension for WebGL target not found
Refreshing native plugins compatible for Editor in 0.61 ms, found 2 plugins.
Preloading 0 native plugins for Editor in 0.00 ms.
Mono: successfully reloaded assembly
- Completed reload, in  1.029 seconds
Platform modules already initialized, skipping
Shader 'Universal Render Pipeline/Particles/Lit': fallback shader 'Universal Render Pipeline/Particles/SimpleLit' not found
Refreshing native plugins compatible for Editor in 0.85 ms, found 2 plugins.
Preloading 0 native plugins for Editor in 0.00 ms.
Unloading 2678 Unused Serialized files (Serialized files now loaded: 0)
System memory in use before: 125.0 MB.
System memory in use after: 125.2 MB.

Unloading 15 unused Assets to reduce memory usage. Loaded Objects now: 3305.
Total: 2.955900 ms (FindLiveObjects: 0.364000 ms CreateObjectMapping: 0.120600 ms MarkObjects: 2.310100 ms  DeleteObjects: 0.159400 ms)

========================================================================
Received Prepare
Registering precompiled user dll's ...
Registered in 0.003148 seconds.
Begin MonoManager ReloadAssembly
Native extension for WindowsStandalone target not found
Native extension for WebGL target not found
Refreshing native plugins compatible for Editor in 0.60 ms, found 2 plugins.
Preloading 0 native plugins for Editor in 0.00 ms.
Mono: successfully reloaded assembly
- Completed reload, in  0.928 seconds
Platform modules already initialized, skipping
Shader 'Universal Render Pipeline/Particles/Lit': fallback shader 'Universal Render Pipeline/Particles/SimpleLit' not found
Refreshing native plugins compatible for Editor in 0.60 ms, found 2 plugins.
Preloading 0 native plugins for Editor in 0.00 ms.
Unloading 2678 Unused Serialized files (Serialized files now loaded: 0)
System memory in use before: 125.1 MB.
System memory in use after: 125.3 MB.

Unloading 15 unused Assets to reduce memory usage. Loaded Objects now: 3308.
Total: 2.618500 ms (FindLiveObjects: 0.286600 ms CreateObjectMapping: 0.120500 ms MarkObjects: 2.149300 ms  DeleteObjects: 0.061400 ms)

========================================================================
Received Import Request.
  Time since last request: 402.376482 seconds.
  path: Assets/Scenes/SampleScene_Profiles/GameObject Profile.asset
  artifactKey: Guid(5eb6e3c97be1ff14c9a5b68e0a97a620) Importer(815301076,1909f56bfc062723c751e8b465ee728b)
Start importing Assets/Scenes/SampleScene_Profiles/GameObject Profile.asset using Guid(5eb6e3c97be1ff14c9a5b68e0a97a620) Importer(815301076,1909f56bfc062723c751e8b465ee728b)  -> (artifact id: '0dd4b00234cdda4aa694ec1d19a1b7bd') in 0.040056 seconds
  Import took 0.208378 seconds .

========================================================================
Received Prepare
Registering precompiled user dll's ...
Registered in 0.003130 seconds.
Begin MonoManager ReloadAssembly
Native extension for WindowsStandalone target not found
Native extension for WebGL target not found
Refreshing native plugins compatible for Editor in 0.75 ms, found 2 plugins.
Preloading 0 native plugins for Editor in 0.00 ms.
Mono: successfully reloaded assembly
- Completed reload, in  1.007 seconds
Platform modules already initialized, skipping
Shader 'Universal Render Pipeline/Particles/Lit': fallback shader 'Universal Render Pipeline/Particles/SimpleLit' not found
Refreshing native plugins compatible for Editor in 0.59 ms, found 2 plugins.
Preloading 0 native plugins for Editor in 0.00 ms.
Unloading 2678 Unused Serialized files (Serialized files now loaded: 0)
System memory in use before: 125.1 MB.
System memory in use after: 125.3 MB.

Unloading 15 unused Assets to reduce memory usage. Loaded Objects now: 3311.
Total: 4.635500 ms (FindLiveObjects: 0.352000 ms CreateObjectMapping: 0.152000 ms MarkObjects: 4.008600 ms  DeleteObjects: 0.120700 ms)

========================================================================
Received Import Request.
  Time since last request: 210.431397 seconds.
  path: Assets/VCR_OSD_MONO_1.001.ttf
  artifactKey: Guid(b9fd2eb1b1eda9d4e9f7af0aeeed5344) Importer(815301076,1909f56bfc062723c751e8b465ee728b)
Start importing Assets/VCR_OSD_MONO_1.001.ttf using Guid(b9fd2eb1b1eda9d4e9f7af0aeeed5344) Importer(815301076,1909f56bfc062723c751e8b465ee728b)  -> (artifact id: '9baa356c721c7411f382a24477b11e9c') in 0.130556 seconds
  Import took 0.145017 seconds .

========================================================================
Received Import Request.
  Time since last request: 17.973909 seconds.
  path: Assets/Atami - Full Font
  artifactKey: Guid(2e31e61b448cf854f9d4ccce6728e456) Importer(815301076,1909f56bfc062723c751e8b465ee728b)
Start importing Assets/Atami - Full Font using Guid(2e31e61b448cf854f9d4ccce6728e456) Importer(815301076,1909f56bfc062723c751e8b465ee728b)  -> (artifact id: '5fcad0b2590254ff2c48ef5b354216db') in 0.009327 seconds
  Import took 0.034952 seconds .

========================================================================
Received Import Request.
  Time since last request: 0.037216 seconds.
  path: Assets/Atami - Full Font/Atami-Bold.otf
  artifactKey: Guid(31ac2035f2c2381409f8037fed1c0eb4) Importer(815301076,1909f56bfc062723c751e8b465ee728b)
Start importing Assets/Atami - Full Font/Atami-Bold.otf using Guid(31ac2035f2c2381409f8037fed1c0eb4) Importer(815301076,1909f56bfc062723c751e8b465ee728b)  -> (artifact id: '1d8d465d62014ba47829832ae51653fa') in 0.021648 seconds
  Import took 0.026600 seconds .

========================================================================
Received Import Request.
  Time since last request: 0.000350 seconds.
  path: Assets/Atami - Full Font/Atami-Display-Bold.otf
  artifactKey: Guid(5dba7cfa8c2becf44b6ed5105c18cba5) Importer(815301076,1909f56bfc062723c751e8b465ee728b)
Start importing Assets/Atami - Full Font/Atami-Display-Bold.otf using Guid(5dba7cfa8c2becf44b6ed5105c18cba5) Importer(815301076,1909f56bfc062723c751e8b465ee728b)  -> (artifact id: '905215e025f7fb28104e31e4f1652069') in 0.016810 seconds
  Import took 0.025822 seconds .

========================================================================
Received Import Request.
  Time since last request: 0.000327 seconds.
  path: Assets/Atami - Full Font/Atami-Stencil-Bold.otf
  artifactKey: Guid(df5fe18f7f1a57a4d86ce5931b240333) Importer(815301076,1909f56bfc062723c751e8b465ee728b)
Start importing Assets/Atami - Full Font/Atami-Stencil-Bold.otf using Guid(df5fe18f7f1a57a4d86ce5931b240333) Importer(815301076,1909f56bfc062723c751e8b465ee728b)  -> (artifact id: 'fe9f68505fd8976d1dcc15b2883e0640') in 0.016126 seconds
  Import took 0.020340 seconds .

========================================================================
Received Import Request.
  Time since last request: 0.000267 seconds.
  path: Assets/Atami - Full Font/Atami-Stencil.otf
  artifactKey: Guid(2f161887404cf414dbaffce2247e7c69) Importer(815301076,1909f56bfc062723c751e8b465ee728b)
Start importing Assets/Atami - Full Font/Atami-Stencil.otf using Guid(2f161887404cf414dbaffce2247e7c69) Importer(815301076,1909f56bfc062723c751e8b465ee728b)  -> (artifact id: '71bee3db0f4bd13d81f93965421fe76f') in 0.017228 seconds
  Import took 0.022340 seconds .

========================================================================
Received Import Request.
  Time since last request: 0.000315 seconds.
  path: Assets/Atami - Full Font/Atami-Regular.otf
  artifactKey: Guid(e65f2e1a3502ebe42a9d2f89686b9367) Importer(815301076,1909f56bfc062723c751e8b465ee728b)
Start importing Assets/Atami - Full Font/Atami-Regular.otf using Guid(e65f2e1a3502ebe42a9d2f89686b9367) Importer(815301076,1909f56bfc062723c751e8b465ee728b)  -> (artifact id: '49e18631a17aa416d3fda11e15610198') in 0.017252 seconds
  Import took 0.033886 seconds .

========================================================================
Received Import Request.
  Time since last request: 0.000324 seconds.
  path: Assets/Atami - Full Font/Atami-Display-Regular.otf
  artifactKey: Guid(56e3489c9869013468749bee26c00b9a) Importer(815301076,1909f56bfc062723c751e8b465ee728b)
Start importing Assets/Atami - Full Font/Atami-Display-Regular.otf using Guid(56e3489c9869013468749bee26c00b9a) Importer(815301076,1909f56bfc062723c751e8b465ee728b)  -> (artifact id: '3de8c7dd1bf643c9d9017485493ec3cd') in 0.020034 seconds
  Import took 0.042535 seconds .

========================================================================
Received Prepare
Registering precompiled user dll's ...
Registered in 0.003083 seconds.
Begin MonoManager ReloadAssembly
Native extension for WindowsStandalone target not found
Native extension for WebGL target not found
Refreshing native plugins compatible for Editor in 0.61 ms, found 2 plugins.
Preloading 0 native plugins for Editor in 0.00 ms.
Mono: successfully reloaded assembly
- Completed reload, in  0.987 seconds
Platform modules already initialized, skipping
Shader 'Universal Render Pipeline/Particles/Lit': fallback shader 'Universal Render Pipeline/Particles/SimpleLit' not found
Refreshing native plugins compatible for Editor in 0.61 ms, found 2 plugins.
Preloading 0 native plugins for Editor in 0.00 ms.
Unloading 2678 Unused Serialized files (Serialized files now loaded: 0)
System memory in use before: 125.2 MB.
System memory in use after: 125.4 MB.

Unloading 15 unused Assets to reduce memory usage. Loaded Objects now: 3319.
Total: 2.457200 ms (FindLiveObjects: 0.262400 ms CreateObjectMapping: 0.104000 ms MarkObjects: 2.033400 ms  DeleteObjects: 0.056400 ms)

========================================================================
Received Prepare
Registering precompiled user dll's ...
Registered in 0.003224 seconds.
Begin MonoManager ReloadAssembly
Native extension for WindowsStandalone target not found
Native extension for WebGL target not found
Refreshing native plugins compatible for Editor in 0.61 ms, found 2 plugins.
Preloading 0 native plugins for Editor in 0.00 ms.
Mono: successfully reloaded assembly
- Completed reload, in  0.995 seconds
Platform modules already initialized, skipping
Shader 'Universal Render Pipeline/Particles/Lit': fallback shader 'Universal Render Pipeline/Particles/SimpleLit' not found
Refreshing native plugins compatible for Editor in 0.61 ms, found 2 plugins.
Preloading 0 native plugins for Editor in 0.00 ms.
Unloading 2678 Unused Serialized files (Serialized files now loaded: 0)
System memory in use before: 125.3 MB.
System memory in use after: 125.5 MB.

Unloading 15 unused Assets to reduce memory usage. Loaded Objects now: 3322.
Total: 3.598000 ms (FindLiveObjects: 0.323200 ms CreateObjectMapping: 0.176900 ms MarkObjects: 3.026400 ms  DeleteObjects: 0.069800 ms)

========================================================================
Received Prepare
Registering precompiled user dll's ...
Registered in 0.003119 seconds.
Begin MonoManager ReloadAssembly
Native extension for WindowsStandalone target not found
Native extension for WebGL target not found
Refreshing native plugins compatible for Editor in 0.64 ms, found 2 plugins.
Preloading 0 native plugins for Editor in 0.00 ms.
Mono: successfully reloaded assembly
- Completed reload, in  0.981 seconds
Platform modules already initialized, skipping
Shader 'Universal Render Pipeline/Particles/Lit': fallback shader 'Universal Render Pipeline/Particles/SimpleLit' not found
Refreshing native plugins compatible for Editor in 0.59 ms, found 2 plugins.
Preloading 0 native plugins for Editor in 0.00 ms.
Unloading 2678 Unused Serialized files (Serialized files now loaded: 0)
System memory in use before: 125.3 MB.
System memory in use after: 125.5 MB.

Unloading 15 unused Assets to reduce memory usage. Loaded Objects now: 3325.
Total: 4.032100 ms (FindLiveObjects: 0.437100 ms CreateObjectMapping: 0.117600 ms MarkObjects: 3.343500 ms  DeleteObjects: 0.132100 ms)

========================================================================
Received Prepare
Registering precompiled user dll's ...
Registered in 0.003610 seconds.
Begin MonoManager ReloadAssembly
Native extension for WindowsStandalone target not found
Native extension for WebGL target not found
Refreshing native plugins compatible for Editor in 1.28 ms, found 2 plugins.
Preloading 0 native plugins for Editor in 0.00 ms.
Mono: successfully reloaded assembly
- Completed reload, in  1.009 seconds
Platform modules already initialized, skipping
Shader 'Universal Render Pipeline/Particles/Lit': fallback shader 'Universal Render Pipeline/Particles/SimpleLit' not found
Refreshing native plugins compatible for Editor in 0.87 ms, found 2 plugins.
Preloading 0 native plugins for Editor in 0.00 ms.
Unloading 2678 Unused Serialized files (Serialized files now loaded: 0)
System memory in use before: 125.3 MB.
System memory in use after: 125.5 MB.

Unloading 15 unused Assets to reduce memory usage. Loaded Objects now: 3328.
Total: 2.669500 ms (FindLiveObjects: 0.246400 ms CreateObjectMapping: 0.115300 ms MarkObjects: 2.237300 ms  DeleteObjects: 0.069300 ms)

========================================================================
Received Prepare
Registering precompiled user dll's ...
Registered in 0.003195 seconds.
Begin MonoManager ReloadAssembly
Native extension for WindowsStandalone target not found
Native extension for WebGL target not found
Refreshing native plugins compatible for Editor in 0.72 ms, found 2 plugins.
Preloading 0 native plugins for Editor in 0.00 ms.
Mono: successfully reloaded assembly
- Completed reload, in  0.989 seconds
Platform modules already initialized, skipping
Shader 'Universal Render Pipeline/Particles/Lit': fallback shader 'Universal Render Pipeline/Particles/SimpleLit' not found
Refreshing native plugins compatible for Editor in 1.55 ms, found 2 plugins.
Preloading 0 native plugins for Editor in 0.00 ms.
Unloading 2678 Unused Serialized files (Serialized files now loaded: 0)
System memory in use before: 125.3 MB.
System memory in use after: 125.5 MB.

Unloading 15 unused Assets to reduce memory usage. Loaded Objects now: 3331.
Total: 3.044100 ms (FindLiveObjects: 0.269600 ms CreateObjectMapping: 0.143500 ms MarkObjects: 2.562200 ms  DeleteObjects: 0.067500 ms)

========================================================================
Received Prepare
Registering precompiled user dll's ...
Registered in 0.003226 seconds.
Begin MonoManager ReloadAssembly
Native extension for WindowsStandalone target not found
Native extension for WebGL target not found
Refreshing native plugins compatible for Editor in 0.62 ms, found 2 plugins.
Preloading 0 native plugins for Editor in 0.00 ms.
Mono: successfully reloaded assembly
- Completed reload, in  0.973 seconds
Platform modules already initialized, skipping
Shader 'Universal Render Pipeline/Particles/Lit': fallback shader 'Universal Render Pipeline/Particles/SimpleLit' not found
Refreshing native plugins compatible for Editor in 0.59 ms, found 2 plugins.
Preloading 0 native plugins for Editor in 0.00 ms.
Unloading 2678 Unused Serialized files (Serialized files now loaded: 0)
System memory in use before: 125.3 MB.
System memory in use after: 125.5 MB.

Unloading 15 unused Assets to reduce memory usage. Loaded Objects now: 3334.
Total: 2.659600 ms (FindLiveObjects: 0.279700 ms CreateObjectMapping: 0.113900 ms MarkObjects: 2.201000 ms  DeleteObjects: 0.061800 ms)

========================================================================
Received Prepare
Registering precompiled user dll's ...
Registered in 0.003721 seconds.
Begin MonoManager ReloadAssembly
Native extension for WindowsStandalone target not found
Native extension for WebGL target not found
Refreshing native plugins compatible for Editor in 0.60 ms, found 2 plugins.
Preloading 0 native plugins for Editor in 0.00 ms.
Mono: successfully reloaded assembly
- Completed reload, in  1.016 seconds
Platform modules already initialized, skipping
Shader 'Universal Render Pipeline/Particles/Lit': fallback shader 'Universal Render Pipeline/Particles/SimpleLit' not found
Refreshing native plugins compatible for Editor in 0.85 ms, found 2 plugins.
Preloading 0 native plugins for Editor in 0.00 ms.
Unloading 2678 Unused Serialized files (Serialized files now loaded: 0)
System memory in use before: 125.3 MB.
System memory in use after: 125.5 MB.

Unloading 15 unused Assets to reduce memory usage. Loaded Objects now: 3337.
Total: 2.246200 ms (FindLiveObjects: 0.259200 ms CreateObjectMapping: 0.122000 ms MarkObjects: 1.802300 ms  DeleteObjects: 0.061400 ms)

========================================================================
Received Import Request.
  Time since last request: 764.487611 seconds.
  path: Assets/VHS Static Overlay.mp4
  artifactKey: Guid(b75481b749a3d9e41a69fddb25635dc2) Importer(815301076,1909f56bfc062723c751e8b465ee728b)
Start importing Assets/VHS Static Overlay.mp4 using Guid(b75481b749a3d9e41a69fddb25635dc2) Importer(815301076,1909f56bfc062723c751e8b465ee728b)  -> (artifact id: 'e79407ad393a713686c69c92da9b3328') in 0.120538 seconds
  Import took 0.130551 seconds .

========================================================================
Received Prepare
Registering precompiled user dll's ...
Registered in 0.003170 seconds.
Begin MonoManager ReloadAssembly
Native extension for WindowsStandalone target not found
Native extension for WebGL target not found
Refreshing native plugins compatible for Editor in 0.73 ms, found 2 plugins.
Preloading 0 native plugins for Editor in 0.00 ms.
Mono: successfully reloaded assembly
- Completed reload, in  0.961 seconds
Platform modules already initialized, skipping
Shader 'Universal Render Pipeline/Particles/Lit': fallback shader 'Universal Render Pipeline/Particles/SimpleLit' not found
Refreshing native plugins compatible for Editor in 0.88 ms, found 2 plugins.
Preloading 0 native plugins for Editor in 0.00 ms.
Unloading 2678 Unused Serialized files (Serialized files now loaded: 0)
System memory in use before: 125.3 MB.
System memory in use after: 125.5 MB.

Unloading 15 unused Assets to reduce memory usage. Loaded Objects now: 3340.
Total: 2.658700 ms (FindLiveObjects: 0.275800 ms CreateObjectMapping: 0.122800 ms MarkObjects: 2.188700 ms  DeleteObjects: 0.070200 ms)

========================================================================
Received Import Request.
  Time since last request: 296.681787 seconds.
  path: Assets/CRT.shader
  artifactKey: Guid(0784228a69ac7734295a7c5a039916f3) Importer(815301076,1909f56bfc062723c751e8b465ee728b)
Start importing Assets/CRT.shader using Guid(0784228a69ac7734295a7c5a039916f3) Importer(815301076,1909f56bfc062723c751e8b465ee728b)  -> (artifact id: '1b66b6b1fc8f3e403e16342b1d2fa3b5') in 0.028809 seconds
  Import took 0.033967 seconds .

========================================================================
Received Prepare
Registering precompiled user dll's ...
Registered in 0.002951 seconds.
Begin MonoManager ReloadAssembly
Native extension for WindowsStandalone target not found
Native extension for WebGL target not found
Refreshing native plugins compatible for Editor in 0.59 ms, found 2 plugins.
Preloading 0 native plugins for Editor in 0.00 ms.
Mono: successfully reloaded assembly
- Completed reload, in  0.938 seconds
Platform modules already initialized, skipping
Shader 'Universal Render Pipeline/Particles/Lit': fallback shader 'Universal Render Pipeline/Particles/SimpleLit' not found
Refreshing native plugins compatible for Editor in 0.61 ms, found 2 plugins.
Preloading 0 native plugins for Editor in 0.00 ms.
Unloading 2679 Unused Serialized files (Serialized files now loaded: 0)
System memory in use before: 126.1 MB.
System memory in use after: 125.9 MB.

Unloading 16 unused Assets to reduce memory usage. Loaded Objects now: 3344.
Total: 2.803200 ms (FindLiveObjects: 0.254600 ms CreateObjectMapping: 0.103000 ms MarkObjects: 2.107200 ms  DeleteObjects: 0.337200 ms)

========================================================================
Received Import Request.
  Time since last request: 110.979446 seconds.
  path: Assets/CRT.shader
  artifactKey: Guid(0784228a69ac7734295a7c5a039916f3) Importer(815301076,1909f56bfc062723c751e8b465ee728b)
Start importing Assets/CRT.shader using Guid(0784228a69ac7734295a7c5a039916f3) Importer(815301076,1909f56bfc062723c751e8b465ee728b)  -> (artifact id: 'c2b4fcae406a904ebf2ea1f049f30202') in 0.015137 seconds
  Import took 0.019600 seconds .

========================================================================
Received Import Request.
  Time since last request: 0.001324 seconds.
  path: Assets/CRT.shader
  artifactKey: Guid(0784228a69ac7734295a7c5a039916f3) Importer(815301076,1909f56bfc062723c751e8b465ee728b)
Start importing Assets/CRT.shader using Guid(0784228a69ac7734295a7c5a039916f3) Importer(815301076,1909f56bfc062723c751e8b465ee728b)  -> (artifact id: 'c2b4fcae406a904ebf2ea1f049f30202') in 0.002099 seconds
  Import took 0.007217 seconds .

========================================================================
Received Prepare
Registering precompiled user dll's ...
Registered in 0.003219 seconds.
Begin MonoManager ReloadAssembly
Native extension for WindowsStandalone target not found
Native extension for WebGL target not found
Refreshing native plugins compatible for Editor in 0.64 ms, found 2 plugins.
Preloading 0 native plugins for Editor in 0.00 ms.
Mono: successfully reloaded assembly
- Completed reload, in  0.910 seconds
Platform modules already initialized, skipping
Shader 'Universal Render Pipeline/Particles/Lit': fallback shader 'Universal Render Pipeline/Particles/SimpleLit' not found
Refreshing native plugins compatible for Editor in 0.59 ms, found 2 plugins.
Preloading 0 native plugins for Editor in 0.00 ms.
Unloading 2679 Unused Serialized files (Serialized files now loaded: 0)
System memory in use before: 125.7 MB.
System memory in use after: 125.9 MB.

Unloading 16 unused Assets to reduce memory usage. Loaded Objects now: 3347.
Total: 2.202700 ms (FindLiveObjects: 0.236100 ms CreateObjectMapping: 0.100600 ms MarkObjects: 1.806300 ms  DeleteObjects: 0.058500 ms)

========================================================================
Received Import Request.
  Time since last request: 42.874208 seconds.
  path: Assets/CRT.shader
  artifactKey: Guid(0784228a69ac7734295a7c5a039916f3) Importer(815301076,1909f56bfc062723c751e8b465ee728b)
Start importing Assets/CRT.shader using Guid(0784228a69ac7734295a7c5a039916f3) Importer(815301076,1909f56bfc062723c751e8b465ee728b)  -> (artifact id: '52007e6021fc8a9e52f7069305511dfc') in 0.014526 seconds
  Import took 0.045977 seconds .

========================================================================
Received Prepare
Registering precompiled user dll's ...
Registered in 0.003043 seconds.
Begin MonoManager ReloadAssembly
Native extension for WindowsStandalone target not found
Native extension for WebGL target not found
Refreshing native plugins compatible for Editor in 0.60 ms, found 2 plugins.
Preloading 0 native plugins for Editor in 0.00 ms.
Mono: successfully reloaded assembly
- Completed reload, in  0.901 seconds
Platform modules already initialized, skipping
Shader 'Universal Render Pipeline/Particles/Lit': fallback shader 'Universal Render Pipeline/Particles/SimpleLit' not found
Refreshing native plugins compatible for Editor in 0.60 ms, found 2 plugins.
Preloading 0 native plugins for Editor in 0.00 ms.
Unloading 2679 Unused Serialized files (Serialized files now loaded: 0)
System memory in use before: 125.7 MB.
System memory in use after: 125.9 MB.

Unloading 16 unused Assets to reduce memory usage. Loaded Objects now: 3350.
Total: 2.444800 ms (FindLiveObjects: 0.255900 ms CreateObjectMapping: 0.104500 ms MarkObjects: 2.026400 ms  DeleteObjects: 0.057000 ms)

========================================================================
Received Prepare
Registering precompiled user dll's ...
Registered in 0.003037 seconds.
Begin MonoManager ReloadAssembly
Native extension for WindowsStandalone target not found
Native extension for WebGL target not found
Refreshing native plugins compatible for Editor in 0.59 ms, found 2 plugins.
Preloading 0 native plugins for Editor in 0.00 ms.
Mono: successfully reloaded assembly
- Completed reload, in  0.880 seconds
Platform modules already initialized, skipping
Shader 'Universal Render Pipeline/Particles/Lit': fallback shader 'Universal Render Pipeline/Particles/SimpleLit' not found
Refreshing native plugins compatible for Editor in 0.60 ms, found 2 plugins.
Preloading 0 native plugins for Editor in 0.00 ms.
Unloading 2678 Unused Serialized files (Serialized files now loaded: 0)
System memory in use before: 125.6 MB.
System memory in use after: 125.8 MB.

Unloading 15 unused Assets to reduce memory usage. Loaded Objects now: 3353.
Total: 2.598300 ms (FindLiveObjects: 0.250600 ms CreateObjectMapping: 0.095700 ms MarkObjects: 2.196200 ms  DeleteObjects: 0.054700 ms)

========================================================================
Received Import Request.
  Time since last request: 85.990711 seconds.
  path: Assets/Score.cs
  artifactKey: Guid(140f6d49425c18b4aaff661b25deda44) Importer(815301076,1909f56bfc062723c751e8b465ee728b)
Start importing Assets/Score.cs using Guid(140f6d49425c18b4aaff661b25deda44) Importer(815301076,1909f56bfc062723c751e8b465ee728b)  -> (artifact id: 'f621ccf706e33406a609b45743062d61') in 0.013117 seconds
  Import took 0.136690 seconds .

========================================================================
Received Prepare
Registering precompiled user dll's ...
Registered in 0.003053 seconds.
Begin MonoManager ReloadAssembly
Native extension for WindowsStandalone target not found
Native extension for WebGL target not found
Refreshing native plugins compatible for Editor in 0.69 ms, found 2 plugins.
Preloading 0 native plugins for Editor in 0.00 ms.
Mono: successfully reloaded assembly
- Completed reload, in  0.895 seconds
Platform modules already initialized, skipping
Shader 'Universal Render Pipeline/Particles/Lit': fallback shader 'Universal Render Pipeline/Particles/SimpleLit' not found
Refreshing native plugins compatible for Editor in 0.60 ms, found 2 plugins.
Preloading 0 native plugins for Editor in 0.00 ms.
Unloading 2679 Unused Serialized files (Serialized files now loaded: 0)
System memory in use before: 125.6 MB.
System memory in use after: 125.8 MB.

Unloading 15 unused Assets to reduce memory usage. Loaded Objects now: 3357.
Total: 2.407400 ms (FindLiveObjects: 0.258700 ms CreateObjectMapping: 0.105000 ms MarkObjects: 1.987200 ms  DeleteObjects: 0.055700 ms)

========================================================================
Received Prepare
Registering precompiled user dll's ...
Registered in 0.003142 seconds.
Begin MonoManager ReloadAssembly
Native extension for WindowsStandalone target not found
Native extension for WebGL target not found
Refreshing native plugins compatible for Editor in 0.62 ms, found 2 plugins.
Preloading 0 native plugins for Editor in 0.00 ms.
Mono: successfully reloaded assembly
- Completed reload, in  0.912 seconds
Platform modules already initialized, skipping
Shader 'Universal Render Pipeline/Particles/Lit': fallback shader 'Universal Render Pipeline/Particles/SimpleLit' not found
Refreshing native plugins compatible for Editor in 0.60 ms, found 2 plugins.
Preloading 0 native plugins for Editor in 0.00 ms.
Unloading 2679 Unused Serialized files (Serialized files now loaded: 0)
System memory in use before: 125.6 MB.
System memory in use after: 125.8 MB.

Unloading 15 unused Assets to reduce memory usage. Loaded Objects now: 3360.
Total: 2.260600 ms (FindLiveObjects: 0.243500 ms CreateObjectMapping: 0.102700 ms MarkObjects: 1.852600 ms  DeleteObjects: 0.060700 ms)

========================================================================
Received Import Request.
  Time since last request: 484.559249 seconds.
  path: Assets/Score.cs
  artifactKey: Guid(140f6d49425c18b4aaff661b25deda44) Importer(815301076,1909f56bfc062723c751e8b465ee728b)
Start importing Assets/Score.cs using Guid(140f6d49425c18b4aaff661b25deda44) Importer(815301076,1909f56bfc062723c751e8b465ee728b)  -> (artifact id: '9354716c1590a8a4d08592d66b33f567') in 0.006720 seconds
  Import took 0.136390 seconds .

========================================================================
Received Prepare
Registering precompiled user dll's ...
Registered in 0.003230 seconds.
Begin MonoManager ReloadAssembly
Native extension for WindowsStandalone target not found
Native extension for WebGL target not found
Refreshing native plugins compatible for Editor in 0.61 ms, found 2 plugins.
Preloading 0 native plugins for Editor in 0.00 ms.
Mono: successfully reloaded assembly
- Completed reload, in  0.922 seconds
Platform modules already initialized, skipping
Shader 'Universal Render Pipeline/Particles/Lit': fallback shader 'Universal Render Pipeline/Particles/SimpleLit' not found
Refreshing native plugins compatible for Editor in 0.61 ms, found 2 plugins.
Preloading 0 native plugins for Editor in 0.00 ms.
Unloading 2679 Unused Serialized files (Serialized files now loaded: 0)
System memory in use before: 125.6 MB.
System memory in use after: 125.8 MB.

Unloading 15 unused Assets to reduce memory usage. Loaded Objects now: 3363.
Total: 2.428200 ms (FindLiveObjects: 0.235700 ms CreateObjectMapping: 0.111300 ms MarkObjects: 2.023300 ms  DeleteObjects: 0.056900 ms)

========================================================================
Received Prepare
Registering precompiled user dll's ...
Registered in 0.003127 seconds.
Begin MonoManager ReloadAssembly
Native extension for WindowsStandalone target not found
Native extension for WebGL target not found
Refreshing native plugins compatible for Editor in 0.60 ms, found 2 plugins.
Preloading 0 native plugins for Editor in 0.00 ms.
Mono: successfully reloaded assembly
- Completed reload, in  0.901 seconds
Platform modules already initialized, skipping
Shader 'Universal Render Pipeline/Particles/Lit': fallback shader 'Universal Render Pipeline/Particles/SimpleLit' not found
Refreshing native plugins compatible for Editor in 0.60 ms, found 2 plugins.
Preloading 0 native plugins for Editor in 0.00 ms.
Unloading 2679 Unused Serialized files (Serialized files now loaded: 0)
System memory in use before: 125.6 MB.
System memory in use after: 125.8 MB.

Unloading 15 unused Assets to reduce memory usage. Loaded Objects now: 3366.
Total: 2.419700 ms (FindLiveObjects: 0.242300 ms CreateObjectMapping: 0.112400 ms MarkObjects: 1.997300 ms  DeleteObjects: 0.066800 ms)

========================================================================
Received Prepare
Registering precompiled user dll's ...
Registered in 0.003061 seconds.
Begin MonoManager ReloadAssembly
Native extension for WindowsStandalone target not found
Native extension for WebGL target not found
Refreshing native plugins compatible for Editor in 0.70 ms, found 2 plugins.
Preloading 0 native plugins for Editor in 0.00 ms.
Mono: successfully reloaded assembly
- Completed reload, in  0.922 seconds
Platform modules already initialized, skipping
Shader 'Universal Render Pipeline/Particles/Lit': fallback shader 'Universal Render Pipeline/Particles/SimpleLit' not found
Refreshing native plugins compatible for Editor in 0.63 ms, found 2 plugins.
Preloading 0 native plugins for Editor in 0.00 ms.
Unloading 2679 Unused Serialized files (Serialized files now loaded: 0)
System memory in use before: 125.6 MB.
System memory in use after: 125.8 MB.

Unloading 15 unused Assets to reduce memory usage. Loaded Objects now: 3369.
Total: 2.503000 ms (FindLiveObjects: 0.257300 ms CreateObjectMapping: 0.121600 ms MarkObjects: 2.065400 ms  DeleteObjects: 0.057900 ms)

========================================================================
Received Prepare
Registering precompiled user dll's ...
Registered in 0.003067 seconds.
Begin MonoManager ReloadAssembly
Native extension for WindowsStandalone target not found
Native extension for WebGL target not found
Refreshing native plugins compatible for Editor in 0.61 ms, found 2 plugins.
Preloading 0 native plugins for Editor in 0.00 ms.
Mono: successfully reloaded assembly
- Completed reload, in  0.910 seconds
Platform modules already initialized, skipping
Shader 'Universal Render Pipeline/Particles/Lit': fallback shader 'Universal Render Pipeline/Particles/SimpleLit' not found
Refreshing native plugins compatible for Editor in 0.62 ms, found 2 plugins.
Preloading 0 native plugins for Editor in 0.00 ms.
Unloading 2679 Unused Serialized files (Serialized files now loaded: 0)
System memory in use before: 125.6 MB.
System memory in use after: 125.8 MB.

Unloading 15 unused Assets to reduce memory usage. Loaded Objects now: 3372.
Total: 2.389300 ms (FindLiveObjects: 0.255300 ms CreateObjectMapping: 0.120100 ms MarkObjects: 1.955100 ms  DeleteObjects: 0.057800 ms)

========================================================================
Received Prepare
Registering precompiled user dll's ...
Registered in 0.003077 seconds.
Begin MonoManager ReloadAssembly
Native extension for WindowsStandalone target not found
Native extension for WebGL target not found
Refreshing native plugins compatible for Editor in 0.59 ms, found 2 plugins.
Preloading 0 native plugins for Editor in 0.00 ms.
Mono: successfully reloaded assembly
- Completed reload, in  0.920 seconds
Platform modules already initialized, skipping
Shader 'Universal Render Pipeline/Particles/Lit': fallback shader 'Universal Render Pipeline/Particles/SimpleLit' not found
Refreshing native plugins compatible for Editor in 0.68 ms, found 2 plugins.
Preloading 0 native plugins for Editor in 0.00 ms.
Unloading 2679 Unused Serialized files (Serialized files now loaded: 0)
System memory in use before: 125.7 MB.
System memory in use after: 125.9 MB.

Unloading 15 unused Assets to reduce memory usage. Loaded Objects now: 3375.
Total: 3.187800 ms (FindLiveObjects: 0.254700 ms CreateObjectMapping: 0.095600 ms MarkObjects: 2.753400 ms  DeleteObjects: 0.083000 ms)

========================================================================
Received Prepare
Registering precompiled user dll's ...
Registered in 0.003045 seconds.
Begin MonoManager ReloadAssembly
Native extension for WindowsStandalone target not found
Native extension for WebGL target not found
Refreshing native plugins compatible for Editor in 0.59 ms, found 2 plugins.
Preloading 0 native plugins for Editor in 0.00 ms.
Mono: successfully reloaded assembly
- Completed reload, in  0.933 seconds
Platform modules already initialized, skipping
Shader 'Universal Render Pipeline/Particles/Lit': fallback shader 'Universal Render Pipeline/Particles/SimpleLit' not found
Refreshing native plugins compatible for Editor in 0.61 ms, found 2 plugins.
Preloading 0 native plugins for Editor in 0.00 ms.
Unloading 2679 Unused Serialized files (Serialized files now loaded: 0)
System memory in use before: 125.7 MB.
System memory in use after: 125.9 MB.

Unloading 15 unused Assets to reduce memory usage. Loaded Objects now: 3378.
Total: 2.508500 ms (FindLiveObjects: 0.261000 ms CreateObjectMapping: 0.103600 ms MarkObjects: 2.084700 ms  DeleteObjects: 0.058400 ms)

========================================================================
Received Prepare
Registering precompiled user dll's ...
Registered in 0.003122 seconds.
Begin MonoManager ReloadAssembly
Native extension for WindowsStandalone target not found
Native extension for WebGL target not found
Refreshing native plugins compatible for Editor in 0.60 ms, found 2 plugins.
Preloading 0 native plugins for Editor in 0.00 ms.
Mono: successfully reloaded assembly
- Completed reload, in  0.900 seconds
Platform modules already initialized, skipping
Shader 'Universal Render Pipeline/Particles/Lit': fallback shader 'Universal Render Pipeline/Particles/SimpleLit' not found
Refreshing native plugins compatible for Editor in 0.61 ms, found 2 plugins.
Preloading 0 native plugins for Editor in 0.00 ms.
Unloading 2679 Unused Serialized files (Serialized files now loaded: 0)
System memory in use before: 125.7 MB.
System memory in use after: 125.9 MB.

Unloading 15 unused Assets to reduce memory usage. Loaded Objects now: 3381.
Total: 2.296600 ms (FindLiveObjects: 0.261800 ms CreateObjectMapping: 0.108300 ms MarkObjects: 1.864300 ms  DeleteObjects: 0.061400 ms)

========================================================================
Received Import Request.
  Time since last request: 468.207195 seconds.
  path: Assets/SpawnControl.cs
  artifactKey: Guid(b973f39a5de873045aeddc7dde9b1378) Importer(815301076,1909f56bfc062723c751e8b465ee728b)
Start importing Assets/SpawnControl.cs using Guid(b973f39a5de873045aeddc7dde9b1378) Importer(815301076,1909f56bfc062723c751e8b465ee728b)  -> (artifact id: '39cabf037e151ebe22f7d25c1e22d92c') in 0.010462 seconds
  Import took 0.115546 seconds .

========================================================================
Received Prepare
Registering precompiled user dll's ...
Registered in 0.003145 seconds.
Begin MonoManager ReloadAssembly
Native extension for WindowsStandalone target not found
Native extension for WebGL target not found
Refreshing native plugins compatible for Editor in 0.62 ms, found 2 plugins.
Preloading 0 native plugins for Editor in 0.00 ms.
Mono: successfully reloaded assembly
- Completed reload, in  0.939 seconds
Platform modules already initialized, skipping
Shader 'Universal Render Pipeline/Particles/Lit': fallback shader 'Universal Render Pipeline/Particles/SimpleLit' not found
Refreshing native plugins compatible for Editor in 0.61 ms, found 2 plugins.
Preloading 0 native plugins for Editor in 0.00 ms.
Unloading 2679 Unused Serialized files (Serialized files now loaded: 0)
System memory in use before: 125.7 MB.
System memory in use after: 125.9 MB.

Unloading 15 unused Assets to reduce memory usage. Loaded Objects now: 3384.
Total: 2.304300 ms (FindLiveObjects: 0.269400 ms CreateObjectMapping: 0.101900 ms MarkObjects: 1.877200 ms  DeleteObjects: 0.055000 ms)

========================================================================
Received Prepare
Registering precompiled user dll's ...
Registered in 0.003149 seconds.
Begin MonoManager ReloadAssembly
Native extension for WindowsStandalone target not found
Native extension for WebGL target not found
Refreshing native plugins compatible for Editor in 0.62 ms, found 2 plugins.
Preloading 0 native plugins for Editor in 0.00 ms.
Mono: successfully reloaded assembly
- Completed reload, in  0.902 seconds
Platform modules already initialized, skipping
Shader 'Universal Render Pipeline/Particles/Lit': fallback shader 'Universal Render Pipeline/Particles/SimpleLit' not found
Refreshing native plugins compatible for Editor in 0.60 ms, found 2 plugins.
Preloading 0 native plugins for Editor in 0.00 ms.
Unloading 2679 Unused Serialized files (Serialized files now loaded: 0)
System memory in use before: 125.7 MB.
System memory in use after: 125.9 MB.

Unloading 15 unused Assets to reduce memory usage. Loaded Objects now: 3387.
Total: 2.635400 ms (FindLiveObjects: 0.260500 ms CreateObjectMapping: 0.100800 ms MarkObjects: 2.215500 ms  DeleteObjects: 0.057800 ms)

========================================================================
Received Prepare
Registering precompiled user dll's ...
Registered in 0.003267 seconds.
Begin MonoManager ReloadAssembly
Native extension for WindowsStandalone target not found
Native extension for WebGL target not found
Refreshing native plugins compatible for Editor in 0.60 ms, found 2 plugins.
Preloading 0 native plugins for Editor in 0.00 ms.
Mono: successfully reloaded assembly
- Completed reload, in  0.903 seconds
Platform modules already initialized, skipping
Shader 'Universal Render Pipeline/Particles/Lit': fallback shader 'Universal Render Pipeline/Particles/SimpleLit' not found
Refreshing native plugins compatible for Editor in 0.61 ms, found 2 plugins.
Preloading 0 native plugins for Editor in 0.00 ms.
Unloading 2679 Unused Serialized files (Serialized files now loaded: 0)
System memory in use before: 125.7 MB.
System memory in use after: 125.9 MB.

Unloading 15 unused Assets to reduce memory usage. Loaded Objects now: 3390.
Total: 2.338500 ms (FindLiveObjects: 0.255000 ms CreateObjectMapping: 0.100200 ms MarkObjects: 1.912300 ms  DeleteObjects: 0.070100 ms)

========================================================================
Received Prepare
Registering precompiled user dll's ...
Registered in 0.003123 seconds.
Begin MonoManager ReloadAssembly
Native extension for WindowsStandalone target not found
Native extension for WebGL target not found
Refreshing native plugins compatible for Editor in 0.62 ms, found 2 plugins.
Preloading 0 native plugins for Editor in 0.00 ms.
Mono: successfully reloaded assembly
- Completed reload, in  0.921 seconds
Platform modules already initialized, skipping
Shader 'Universal Render Pipeline/Particles/Lit': fallback shader 'Universal Render Pipeline/Particles/SimpleLit' not found
Refreshing native plugins compatible for Editor in 0.61 ms, found 2 plugins.
Preloading 0 native plugins for Editor in 0.00 ms.
Unloading 2679 Unused Serialized files (Serialized files now loaded: 0)
System memory in use before: 125.7 MB.
System memory in use after: 125.9 MB.

Unloading 15 unused Assets to reduce memory usage. Loaded Objects now: 3393.
Total: 2.449600 ms (FindLiveObjects: 0.256000 ms CreateObjectMapping: 0.093800 ms MarkObjects: 2.028800 ms  DeleteObjects: 0.070200 ms)

========================================================================
Received Prepare
Registering precompiled user dll's ...
Registered in 0.003149 seconds.
Begin MonoManager ReloadAssembly
Native extension for WindowsStandalone target not found
Native extension for WebGL target not found
Refreshing native plugins compatible for Editor in 0.61 ms, found 2 plugins.
Preloading 0 native plugins for Editor in 0.00 ms.
Mono: successfully reloaded assembly
- Completed reload, in  0.897 seconds
Platform modules already initialized, skipping
Shader 'Universal Render Pipeline/Particles/Lit': fallback shader 'Universal Render Pipeline/Particles/SimpleLit' not found
Refreshing native plugins compatible for Editor in 0.60 ms, found 2 plugins.
Preloading 0 native plugins for Editor in 0.00 ms.
Unloading 2679 Unused Serialized files (Serialized files now loaded: 0)
System memory in use before: 125.7 MB.
System memory in use after: 125.9 MB.

Unloading 15 unused Assets to reduce memory usage. Loaded Objects now: 3396.
Total: 2.301800 ms (FindLiveObjects: 0.248400 ms CreateObjectMapping: 0.114500 ms MarkObjects: 1.882400 ms  DeleteObjects: 0.055400 ms)

